#
# A fatal error has been detected by the Java Runtime Environment:
#
#  EXCEPTION_ACCESS_VIOLATION (0xc0000005) at pc=0x000000006e3f7066, pid=25360, tid=0x0000000000007288
#
# JRE version: Java(TM) SE Runtime Environment (8.0_181-b13) (build 1.8.0_181-b13)
# Java VM: Java HotSpot(TM) 64-Bit Server VM (25.181-b13 mixed mode windows-amd64 compressed oops)
# Problematic frame:
# V  [jvm.dll+0x237066]
#
# Failed to write core dump. Minidumps are not enabled by default on client versions of Windows
#
# If you would like to submit a bug report, please visit:
#   http://bugreport.java.com/bugreport/crash.jsp
#

---------------  T H R E A D  ---------------

Current thread (0x0000000017789800):  VMThread [stack: 0x0000000019450000,0x0000000019550000] [id=29320]

siginfo: ExceptionCode=0xc0000005, reading address 0xffffffffffffffff

Registers:
RAX=0x2200000004000000, RBX=0x000000001954e9f0, RCX=0x000000001954e9f0, RDX=0x2200000004000028
RSP=0x000000001954e720, RBP=0x000000001954ef30, RSI=0x0000000000000000, RDI=0x000000001954f0c0
R8 =0x0000000000000000, R9 =0x00000000173312e0, R10=0x0000000000000008, R11=0x000000006e7c7f18
R12=0x0000000017615510, R13=0x000000001954eef0, R14=0x00000000000003d8, R15=0x000000001954eee0
RIP=0x000000006e3f7066, EFLAGS=0x0000000000010202

Top of Stack: (sp=0x000000001954e720)
0x000000001954e720:   00000000176153f0 000000006e3f70b3
0x000000001954e730:   0000000017788cf0 0000000017788cf0
0x000000001954e740:   0000000000000000 0000000000000000
0x000000001954e750:   000000001954edd0 000000006e3f70b3
0x000000001954e760:   00000000197cb270 000000001954ee30
0x000000001954e770:   000000001954ee30 000000006e3f7387
0x000000001954e780:   00000000198f0040 0000000000000000
0x000000001954e790:   000080f5aa058821 00000000198efa40
0x000000001954e7a0:   0000000000000000 000000006e3f74ef
0x000000001954e7b0:   000000001954e930 0000000000000000
0x000000001954e7c0:   000000001c70f2c0 000000001c70f1e0
0x000000001954e7d0:   00000000196af998 000000006e7b51d8
0x000000001954e7e0:   00000000000002a1 000000006e3f70b3
0x000000001954e7f0:   0000000000000000 0000000000000007
0x000000001954e800:   00000000198f00b0 0000000228000028
0x000000001954e810:   00000000024d0000 00007ffd548c5c52 

Instructions: (pc=0x000000006e3f7066)
0x000000006e3f7046:   01 00 00 48 8b 05 30 a8 5b 00 48 33 c4 48 89 84
0x000000006e3f7056:   24 30 01 00 00 4c 63 41 10 48 8b 41 08 48 8b d9
0x000000006e3f7066:   42 38 54 00 08 74 33 44 0f be c2 48 8d 4c 24 20
0x000000006e3f7076:   48 8d 15 13 e3 3e 00 e8 ee ec de ff 48 8d 0d 97 


Register to memory mapping:

RAX=0x2200000004000000 is an unknown value
RBX=0x000000001954e9f0 is an unknown value
RCX=0x000000001954e9f0 is an unknown value
RDX=0x2200000004000028 is an unknown value
RSP=0x000000001954e720 is an unknown value
RBP=0x000000001954ef30 is an unknown value
RSI=0x0000000000000000 is an unknown value
RDI=0x000000001954f0c0 is an unknown value
R8 =0x0000000000000000 is an unknown value
R9 =0x00000000173312e0 is pointing into metadata
R10=0x0000000000000008 is an unknown value
R11=0x000000006e7c7f18 is an unknown value
R12=0x0000000017615510 is an unknown value
R13=0x000000001954eef0 is an unknown value
R14=0x00000000000003d8 is an unknown value
R15=0x000000001954eee0 is an unknown value


Stack: [0x0000000019450000,0x0000000019550000],  sp=0x000000001954e720,  free space=1017k
Native frames: (J=compiled Java code, j=interpreted, Vv=VM code, C=native code)
V  [jvm.dll+0x237066]
V  [jvm.dll+0x2376e4]
V  [jvm.dll+0xff4a3]
V  [jvm.dll+0x102593]
V  [jvm.dll+0x10305f]
V  [jvm.dll+0x1038a5]
V  [jvm.dll+0x103af2]
V  [jvm.dll+0xc50be]
V  [jvm.dll+0xc5748]
V  [jvm.dll+0xc587a]
V  [jvm.dll+0xc5a78]
V  [jvm.dll+0x10f94a]
V  [jvm.dll+0x12d22f]
V  [jvm.dll+0x1bf3df]
V  [jvm.dll+0x24cc27]
V  [jvm.dll+0x24bec6]
V  [jvm.dll+0x24c361]
V  [jvm.dll+0x24c57e]
V  [jvm.dll+0x29e64a]
C  [msvcr100.dll+0x21d9f]
C  [msvcr100.dll+0x21e3b]
C  [KERNEL32.DLL+0x13034]
C  [ntdll.dll+0x71471]

VM_Operation (0x0000000019f3f650): GetOrSetLocal, mode: safepoint, requested by thread 0x0000000019688000


---------------  P R O C E S S  ---------------

Java Threads: ( => current thread )
  0x000000001ac0a800 JavaThread "TimerQueue" daemon [_thread_blocked, id=27284, stack(0x000000001d400000,0x000000001d500000)]
  0x0000000002714000 JavaThread "DestroyJavaVM" [_thread_blocked, id=28000, stack(0x00000000023d0000,0x00000000024d0000)]
  0x000000001aa80000 JavaThread "AWT-EventQueue-0" [_thread_blocked, id=29672, stack(0x000000001c610000,0x000000001c710000)]
  0x000000001a9d7800 JavaThread "AWT-Windows" daemon [_thread_in_Java, id=2628, stack(0x000000001b280000,0x000000001b380000)]
  0x000000001a9cf800 JavaThread "AWT-Shutdown" [_thread_blocked, id=24624, stack(0x000000001b180000,0x000000001b280000)]
  0x000000001a9c8000 JavaThread "Java2D Disposer" daemon [_thread_blocked, id=1824, stack(0x000000001b080000,0x000000001b180000)]
  0x0000000019816800 JavaThread "Service Thread" daemon [_thread_blocked, id=30944, stack(0x000000001a540000,0x000000001a640000)]
  0x0000000019795000 JavaThread "C1 CompilerThread3" daemon [_thread_blocked, id=29924, stack(0x000000001a440000,0x000000001a540000)]
  0x0000000019794000 JavaThread "C2 CompilerThread2" daemon [_thread_blocked, id=23916, stack(0x000000001a340000,0x000000001a440000)]
  0x0000000019793800 JavaThread "C2 CompilerThread1" daemon [_thread_blocked, id=31448, stack(0x000000001a240000,0x000000001a340000)]
  0x0000000019790800 JavaThread "C2 CompilerThread0" daemon [_thread_blocked, id=21812, stack(0x000000001a140000,0x000000001a240000)]
  0x0000000019695000 JavaThread "JDWP Command Reader" daemon [_thread_in_native, id=12232, stack(0x000000001a040000,0x000000001a140000)]
  0x0000000019694000 JavaThread "JDWP Event Helper Thread" daemon [_thread_blocked, id=17548, stack(0x0000000019f40000,0x000000001a040000)]
  0x0000000019688000 JavaThread "JDWP Transport Listener: dt_socket" daemon [_thread_blocked, id=21972, stack(0x0000000019e40000,0x0000000019f40000)]
  0x000000001967b000 JavaThread "Attach Listener" daemon [_thread_blocked, id=23204, stack(0x0000000019d40000,0x0000000019e40000)]
  0x000000001967a000 JavaThread "Signal Dispatcher" daemon [_thread_blocked, id=30764, stack(0x0000000019c40000,0x0000000019d40000)]
  0x0000000019670800 JavaThread "Finalizer" daemon [_thread_blocked, id=11588, stack(0x0000000019a50000,0x0000000019b50000)]
  0x000000001778d800 JavaThread "Reference Handler" daemon [_thread_blocked, id=1164, stack(0x0000000019550000,0x0000000019650000)]

Other Threads:
=>0x0000000017789800 VMThread [stack: 0x0000000019450000,0x0000000019550000] [id=29320]
  0x00000000197aa000 WatcherThread [stack: 0x000000001a640000,0x000000001a740000] [id=9516]

VM state:at safepoint (normal execution)

VM Mutex/Monitor currently owned by a thread:  ([mutex/lock_event])
[0x00000000027102d0] Threads_lock - owner thread: 0x0000000017789800

Heap:
 PSYoungGen      total 38400K, used 29753K [0x00000000d5f00000, 0x00000000d8980000, 0x0000000100000000)
  eden space 33280K, 89% used [0x00000000d5f00000,0x00000000d7c0e780,0x00000000d7f80000)
  from space 5120K, 0% used [0x00000000d8480000,0x00000000d8480000,0x00000000d8980000)
  to   space 5120K, 0% used [0x00000000d7f80000,0x00000000d7f80000,0x00000000d8480000)
 ParOldGen       total 87552K, used 0K [0x0000000081c00000, 0x0000000087180000, 0x00000000d5f00000)
  object space 87552K, 0% used [0x0000000081c00000,0x0000000081c00000,0x0000000087180000)
 Metaspace       used 12288K, capacity 12448K, committed 12672K, reserved 1060864K
  class space    used 1584K, capacity 1643K, committed 1664K, reserved 1048576K

Card table byte_map: [0x0000000011bd0000,0x0000000011fd0000] byte_map_base: 0x00000000117c2000

Marking Bits: (ParMarkBitMap*) 0x000000006e9e2d00
 Begin Bits: [0x0000000012a80000, 0x0000000014a10000)
 End Bits:   [0x0000000014a10000, 0x00000000169a0000)

Polling page: 0x0000000000ac0000

CodeCache: size=245760Kb used=2930Kb max_used=2943Kb free=242829Kb
 bounds [0x0000000002810000, 0x0000000002b00000, 0x0000000011810000]
 total_blobs=1281 nmethods=816 adapters=386
 compilation: enabled

Compilation events (10 events):
Event: 63.263 Thread 0x0000000019795000  813       3       java.lang.Integer::formatUnsignedInt (48 bytes)
Event: 63.264 Thread 0x0000000019795000 nmethod 813 0x0000000002adf190 code [0x0000000002adf300, 0x0000000002adf590]
Event: 67.708 Thread 0x0000000019795000  814       3       java.util.concurrent.locks.AbstractQueuedSynchronizer::addWaiter (50 bytes)
Event: 67.709 Thread 0x0000000019795000 nmethod 814 0x0000000002ae8850 code [0x0000000002ae89e0, 0x0000000002ae8e68]
Event: 67.709 Thread 0x0000000019795000  815       3       java.util.concurrent.locks.AbstractQueuedSynchronizer$Node::<init> (15 bytes)
Event: 67.710 Thread 0x0000000019795000 nmethod 815 0x0000000002ae8450 code [0x0000000002ae85a0, 0x0000000002ae8790]
Event: 67.768 Thread 0x0000000019794000  816       4       java.util.concurrent.locks.ReentrantLock::lock (8 bytes)
Event: 67.775 Thread 0x0000000019794000 nmethod 816 0x0000000002aecdd0 code [0x0000000002aecf40, 0x0000000002aed108]
Event: 67.958 Thread 0x0000000019793800  817   !   4       sun.awt.AWTAutoShutdown::setToolkitBusy (124 bytes)
Event: 67.963 Thread 0x0000000019793800 nmethod 817 0x0000000002ae7790 code [0x0000000002ae7900, 0x0000000002ae7fd8]

GC Heap History (0 events):
No events

Deoptimization events (6 events):
Event: 0.661 Thread 0x0000000002714000 Uncommon trap: reason=null_check action=make_not_entrant pc=0x00000000029aaba8 method=java.lang.String.equals(Ljava/lang/Object;)Z @ 8
Event: 0.705 Thread 0x0000000002714000 Uncommon trap: reason=unstable_if action=reinterpret pc=0x00000000029dcbd8 method=java.lang.String.startsWith(Ljava/lang/String;I)Z @ 25
Event: 3.199 Thread 0x000000001aa80000 Uncommon trap: reason=class_check action=maybe_recompile pc=0x00000000029df218 method=java.lang.String.equals(Ljava/lang/Object;)Z @ 8
Event: 3.199 Thread 0x000000001aa80000 Uncommon trap: reason=class_check action=maybe_recompile pc=0x00000000029df218 method=java.lang.String.equals(Ljava/lang/Object;)Z @ 8
Event: 3.298 Thread 0x000000001aa80000 Uncommon trap: reason=class_check action=maybe_recompile pc=0x00000000029df218 method=java.lang.String.equals(Ljava/lang/Object;)Z @ 8
Event: 3.298 Thread 0x000000001aa80000 Uncommon trap: reason=class_check action=maybe_recompile pc=0x00000000029df218 method=java.lang.String.equals(Ljava/lang/Object;)Z @ 8

Classes redefined (2 events):
Event: 127.117 Thread 0x0000000017789800 redefined class name=model.Expense, count=1
Event: 3460.569 Thread 0x0000000017789800 redefined class name=model.Expense, count=2

Internal exceptions (10 events):
Event: 0.053 Thread 0x0000000002714000 Exception <a 'java/lang/NoSuchMethodError': Method sun.misc.Unsafe.prefetchRead(Ljava/lang/Object;J)V name or signature does not match> (0x00000000d5f07f98) thrown at [C:\re\workspace\8-2-build-windows-amd64-cygwin\jdk8u181\11358\hotspot\src\share\vm\prim
Event: 0.341 Thread 0x0000000002714000 Exception <a 'java/security/PrivilegedActionException'> (0x00000000d62c3380) thrown at [C:\re\workspace\8-2-build-windows-amd64-cygwin\jdk8u181\11358\hotspot\src\share\vm\prims\jvm.cpp, line 1435]
Event: 0.341 Thread 0x0000000002714000 Exception <a 'java/security/PrivilegedActionException'> (0x00000000d62c3590) thrown at [C:\re\workspace\8-2-build-windows-amd64-cygwin\jdk8u181\11358\hotspot\src\share\vm\prims\jvm.cpp, line 1435]
Event: 0.343 Thread 0x0000000002714000 Exception <a 'java/security/PrivilegedActionException'> (0x00000000d62c74a0) thrown at [C:\re\workspace\8-2-build-windows-amd64-cygwin\jdk8u181\11358\hotspot\src\share\vm\prims\jvm.cpp, line 1435]
Event: 0.343 Thread 0x0000000002714000 Exception <a 'java/security/PrivilegedActionException'> (0x00000000d62c76b0) thrown at [C:\re\workspace\8-2-build-windows-amd64-cygwin\jdk8u181\11358\hotspot\src\share\vm\prims\jvm.cpp, line 1435]
Event: 0.355 Thread 0x0000000002714000 Exception <a 'java/io/FileNotFoundException'> (0x00000000d62d6638) thrown at [C:\re\workspace\8-2-build-windows-amd64-cygwin\jdk8u181\11358\hotspot\src\share\vm\prims\jni.cpp, line 709]
Event: 0.448 Thread 0x0000000002714000 Exception <a 'java/lang/NoSuchFieldError': method resolution failed> (0x00000000d6406970) thrown at [C:\re\workspace\8-2-build-windows-amd64-cygwin\jdk8u181\11358\hotspot\src\share\vm\prims\methodHandles.cpp, line 1167]
Event: 0.451 Thread 0x0000000002714000 Exception <a 'java/lang/NoSuchFieldError': method resolution failed> (0x00000000d6414560) thrown at [C:\re\workspace\8-2-build-windows-amd64-cygwin\jdk8u181\11358\hotspot\src\share\vm\prims\methodHandles.cpp, line 1167]
Event: 0.661 Thread 0x0000000002714000 Implicit null exception at 0x00000000029aa925 to 0x00000000029aab99
Event: 0.681 Thread 0x0000000002714000 Exception <a 'java/io/FileNotFoundException'> (0x00000000d67bffe0) thrown at [C:\re\workspace\8-2-build-windows-amd64-cygwin\jdk8u181\11358\hotspot\src\share\vm\prims\jni.cpp, line 709]

Events (10 events):
Event: 3862.229 Executing VM operation: ChangeBreakpoints done
Event: 3862.247 Executing VM operation: ChangeBreakpoints
Event: 3862.248 Executing VM operation: ChangeBreakpoints done
Event: 3914.285 Executing VM operation: ChangeBreakpoints
Event: 3914.285 Executing VM operation: ChangeBreakpoints done
Event: 3914.307 Executing VM operation: GetOrSetLocal
Event: 3914.307 Executing VM operation: GetOrSetLocal done
Event: 3914.392 Executing VM operation: ChangeBreakpoints
Event: 3914.393 Executing VM operation: ChangeBreakpoints done
Event: 3914.403 Executing VM operation: GetOrSetLocal


Dynamic libraries:
0x00007ff7c6cc0000 - 0x00007ff7c6cf7000 	C:\Program Files\Java\jdk1.8.0_181\bin\java.exe
0x00007ffd548b0000 - 0x00007ffd54a91000 	C:\WINDOWS\SYSTEM32\ntdll.dll
0x00007ffd531c0000 - 0x00007ffd53272000 	C:\WINDOWS\System32\KERNEL32.DLL
0x00007ffd50c80000 - 0x00007ffd50ef3000 	C:\WINDOWS\System32\KERNELBASE.dll
0x00007ffd52120000 - 0x00007ffd521c1000 	C:\WINDOWS\System32\ADVAPI32.dll
0x00007ffd52070000 - 0x00007ffd5210e000 	C:\WINDOWS\System32\msvcrt.dll
0x00007ffd529d0000 - 0x00007ffd52a2b000 	C:\WINDOWS\System32\sechost.dll
0x00007ffd53090000 - 0x00007ffd531b4000 	C:\WINDOWS\System32\RPCRT4.dll
0x00007ffd52c20000 - 0x00007ffd52db0000 	C:\WINDOWS\System32\USER32.dll
0x00007ffd51ca0000 - 0x00007ffd51cc0000 	C:\WINDOWS\System32\win32u.dll
0x00007ffd52e10000 - 0x00007ffd52e38000 	C:\WINDOWS\System32\GDI32.dll
0x00007ffd51b00000 - 0x00007ffd51c92000 	C:\WINDOWS\System32\gdi32full.dll
0x00007ffd519b0000 - 0x00007ffd51a4f000 	C:\WINDOWS\System32\msvcp_win.dll
0x00007ffd50f00000 - 0x00007ffd50ffa000 	C:\WINDOWS\System32\ucrtbase.dll
0x00007ffd359e0000 - 0x00007ffd35c49000 	C:\WINDOWS\WinSxS\amd64_microsoft.windows.common-controls_6595b64144ccf1df_6.0.17134.407_none_fb449d63306391e9\COMCTL32.dll
0x00007ffd51d40000 - 0x00007ffd52062000 	C:\WINDOWS\System32\combase.dll
0x00007ffd51cc0000 - 0x00007ffd51d3a000 	C:\WINDOWS\System32\bcryptPrimitives.dll
0x00007ffd53350000 - 0x00007ffd5337d000 	C:\WINDOWS\System32\IMM32.DLL
0x000000006ed60000 - 0x000000006ee32000 	C:\Program Files\Java\jdk1.8.0_181\jre\bin\msvcr100.dll
0x000000006e1c0000 - 0x000000006ea62000 	C:\Program Files\Java\jdk1.8.0_181\jre\bin\server\jvm.dll
0x00007ffd52110000 - 0x00007ffd52118000 	C:\WINDOWS\System32\PSAPI.DLL
0x00007ffd45800000 - 0x00007ffd45823000 	C:\WINDOWS\SYSTEM32\WINMM.dll
0x00007ffd3ae40000 - 0x00007ffd3ae49000 	C:\WINDOWS\SYSTEM32\WSOCK32.dll
0x00007ffd3ae30000 - 0x00007ffd3ae3a000 	C:\WINDOWS\SYSTEM32\VERSION.dll
0x00007ffd52a30000 - 0x00007ffd52a9c000 	C:\WINDOWS\System32\WS2_32.dll
0x00007ffd457d0000 - 0x00007ffd457fa000 	C:\WINDOWS\SYSTEM32\WINMMBASE.dll
0x00007ffd511f0000 - 0x00007ffd51239000 	C:\WINDOWS\System32\cfgmgr32.dll
0x0000000071610000 - 0x000000007161f000 	C:\Program Files\Java\jdk1.8.0_181\jre\bin\verify.dll
0x00000000715e0000 - 0x0000000071609000 	C:\Program Files\Java\jdk1.8.0_181\jre\bin\java.dll
0x00000000715a0000 - 0x00000000715d5000 	C:\Program Files\Java\jdk1.8.0_181\jre\bin\jdwp.dll
0x00000000713f0000 - 0x00000000713f8000 	C:\Program Files\Java\jdk1.8.0_181\jre\bin\npt.dll
0x0000000070e00000 - 0x0000000070e23000 	C:\Program Files\Java\jdk1.8.0_181\jre\bin\instrument.dll
0x0000000071400000 - 0x0000000071416000 	C:\Program Files\Java\jdk1.8.0_181\jre\bin\zip.dll
0x00007ffd533e0000 - 0x00007ffd5481f000 	C:\WINDOWS\System32\SHELL32.dll
0x00007ffd52fe0000 - 0x00007ffd53089000 	C:\WINDOWS\System32\shcore.dll
0x00007ffd51240000 - 0x00007ffd5194d000 	C:\WINDOWS\System32\windows.storage.dll
0x00007ffd52db0000 - 0x00007ffd52e01000 	C:\WINDOWS\System32\shlwapi.dll
0x00007ffd50c20000 - 0x00007ffd50c31000 	C:\WINDOWS\System32\kernel.appcore.dll
0x00007ffd50c60000 - 0x00007ffd50c7f000 	C:\WINDOWS\System32\profapi.dll
0x00007ffd50bd0000 - 0x00007ffd50c1c000 	C:\WINDOWS\System32\powrprof.dll
0x00007ffd50bc0000 - 0x00007ffd50bca000 	C:\WINDOWS\System32\FLTLIB.DLL
0x0000000071300000 - 0x0000000071309000 	C:\Program Files\Java\jdk1.8.0_181\jre\bin\dt_socket.dll
0x00007ffd50440000 - 0x00007ffd504a6000 	C:\WINDOWS\system32\mswsock.dll
0x000000006e020000 - 0x000000006e1b9000 	C:\Program Files\Java\jdk1.8.0_181\jre\bin\awt.dll
0x00007ffd53280000 - 0x00007ffd53342000 	C:\WINDOWS\System32\OLEAUT32.dll
0x00007ffd4afd0000 - 0x00007ffd4b05b000 	C:\WINDOWS\SYSTEM32\apphelp.dll
0x00007ffd4ece0000 - 0x00007ffd4ed78000 	C:\WINDOWS\system32\uxtheme.dll
0x00007ffd52aa0000 - 0x00007ffd52c13000 	C:\WINDOWS\System32\MSCTF.dll
0x00007ffd4f330000 - 0x00007ffd4f359000 	C:\WINDOWS\system32\dwmapi.dll
0x00007ffd521d0000 - 0x00007ffd52321000 	C:\WINDOWS\System32\ole32.dll
0x00007ffd44480000 - 0x00007ffd445a0000 	C:\WINDOWS\system32\opengl32.dll
0x00007ffd49130000 - 0x00007ffd4915c000 	C:\WINDOWS\SYSTEM32\GLU32.dll
0x0000000070270000 - 0x00000000702b7000 	C:\Program Files\Java\jdk1.8.0_181\jre\bin\fontmanager.dll
0x00000000702e0000 - 0x00000000702fa000 	C:\Program Files\Java\jdk1.8.0_181\jre\bin\net.dll
0x00000000702c0000 - 0x00000000702d1000 	C:\Program Files\Java\jdk1.8.0_181\jre\bin\nio.dll
0x00007ffd524d0000 - 0x00007ffd52570000 	C:\WINDOWS\System32\clbcatq.dll
0x00007ffd4ca50000 - 0x00007ffd4cbfe000 	C:\WINDOWS\SYSTEM32\WindowsCodecs.dll
0x00007ffd43490000 - 0x00007ffd434e8000 	C:\WINDOWS\system32\dataexchange.dll
0x00007ffd4c100000 - 0x00007ffd4c40b000 	C:\WINDOWS\system32\d3d11.dll
0x00007ffd49d00000 - 0x00007ffd49e9c000 	C:\WINDOWS\system32\dcomp.dll
0x00007ffd4f980000 - 0x00007ffd4fa3b000 	C:\WINDOWS\system32\dxgi.dll
0x00007ffd4f470000 - 0x00007ffd4f628000 	C:\WINDOWS\system32\twinapi.appcore.dll
0x00007ffd4f410000 - 0x00007ffd4f431000 	C:\WINDOWS\system32\RMCLIENT.dll
0x000000006ed10000 - 0x000000006ed52000 	C:\Program Files\Java\jdk1.8.0_181\jre\bin\t2k.dll
0x00007ffd477e0000 - 0x00007ffd47876000 	C:\WINDOWS\System32\TextInputFramework.dll
0x00007ffd4a560000 - 0x00007ffd4a63a000 	C:\WINDOWS\System32\CoreMessaging.dll
0x00007ffd449d0000 - 0x00007ffd44cee000 	C:\WINDOWS\System32\CoreUIComponents.dll
0x00007ffd4fcb0000 - 0x00007ffd4fce1000 	C:\WINDOWS\SYSTEM32\ntmarta.dll
0x00007ffd4c410000 - 0x00007ffd4c55d000 	C:\WINDOWS\SYSTEM32\wintypes.dll
0x00007ffd3c9c0000 - 0x00007ffd3ca2b000 	C:\WINDOWS\system32\Oleacc.dll
0x00007ffd4ee90000 - 0x00007ffd4f059000 	C:\WINDOWS\SYSTEM32\dbghelp.dll

VM Arguments:
jvm_args: -agentlib:jdwp=transport=dt_socket,address=127.0.0.1:58801,suspend=y,server=n -javaagent:C:\Users\swwbi\.IdeaIC2017.3\system\captureAgent\debugger-agent.jar=C:\Users\swwbi\AppData\Local\Temp\capture254.props -Dfile.encoding=UTF-8 
java_command: ui.BudgetTrackerUI
java_class_path (initial): C:\Program Files\Java\jdk1.8.0_181\jre\lib\charsets.jar;C:\Program Files\Java\jdk1.8.0_181\jre\lib\deploy.jar;C:\Program Files\Java\jdk1.8.0_181\jre\lib\ext\access-bridge-64.jar;C:\Program Files\Java\jdk1.8.0_181\jre\lib\ext\cldrdata.jar;C:\Program Files\Java\jdk1.8.0_181\jre\lib\ext\dnsns.jar;C:\Program Files\Java\jdk1.8.0_181\jre\lib\ext\jaccess.jar;C:\Program Files\Java\jdk1.8.0_181\jre\lib\ext\jfxrt.jar;C:\Program Files\Java\jdk1.8.0_181\jre\lib\ext\localedata.jar;C:\Program Files\Java\jdk1.8.0_181\jre\lib\ext\nashorn.jar;C:\Program Files\Java\jdk1.8.0_181\jre\lib\ext\sunec.jar;C:\Program Files\Java\jdk1.8.0_181\jre\lib\ext\sunjce_provider.jar;C:\Program Files\Java\jdk1.8.0_181\jre\lib\ext\sunmscapi.jar;C:\Program Files\Java\jdk1.8.0_181\jre\lib\ext\sunpkcs11.jar;C:\Program Files\Java\jdk1.8.0_181\jre\lib\ext\zipfs.jar;C:\Program Files\Java\jdk1.8.0_181\jre\lib\javaws.jar;C:\Program Files\Java\jdk1.8.0_181\jre\lib\jce.jar;C:\Program Files\Java\jdk1.8.0_181\jre\lib\jfr.jar;C:\Program Files\Java\jdk1.8.0_181\jre\lib\jfxswt.jar;C:\Program Files\Java\jdk1.8.0_181\jre\lib\jsse.jar;C:\Program Files\Java\jdk1.8.0_181\jre\lib\management-agent.jar;C:\Program Files\Java\jdk1.8.0_181\jre\lib\plugin.jar;C:\Program Files\Java\jdk1.8.0_181\jre\lib\resources.jar;C:\Program Files\Java\jdk1.8.0_181\jre\lib\rt.jar;C:\Users\swwbi\Dropbox\Education (Sept 2018-)\Term 1\CPSC210\projectw1_team995\out\production\PersonalProject;C:\Users\swwbi\Dropbox\Education (Sept 2018-)\Term 1\CPSC210\projectw1_team995\lib\apiguardian-api-1.0.0.jar;C:\Users\swwbi\Dropbox\Education (Sept 2018-)\Term 1\CPSC210\projectw1_team995\lib\junit-jupiter-api-5.0.0.jar;C:\Users\swwbi\Dropbox\Education (Sept 2018-)\Term 1\CPSC210\projectw1_team995\lib\junit-platform-commons-1.0.0.jar;C:\Users\swwbi\Dropbox\Education (Sept 2018-)\Term 1\CPSC210\projectw1_team995\lib\opentest4j-1.0.0.jar;C:\Program Files\JetBrains\IntelliJ IDEA Community Edition 2017.3.5\lib\idea_rt.jar;C:\Users\swwbi\
Launcher Type: SUN_STANDARD

Environment Variables:
PATH=C:\Program Files (x86)\Common Files\Oracle\Java\javapath;C:\Program Files (x86)\Intel\Intel(R) Management Engine Components\iCLS\;C:\Program Files\Intel\Intel(R) Management Engine Components\iCLS\;C:\WINDOWS\system32;C:\WINDOWS;C:\WINDOWS\System32\Wbem;C:\WINDOWS\System32\WindowsPowerShell\v1.0\;C:\Program Files (x86)\Intel\Intel(R) Management Engine Components\DAL;C:\Program Files\Intel\Intel(R) Management Engine Components\DAL;C:\Program Files (x86)\Intel\Intel(R) Management Engine Components\IPT;C:\Program Files\Intel\Intel(R) Management Engine Components\IPT;C:\WINDOWS\System32\OpenSSH\;C:\Program Files\Intel\WiFi\bin\;C:\Program Files\Common Files\Intel\WirelessCommon\;C:\Program Files\Git\cmd;C:\Program Files\nodejs\;C:\Users\swwbi\AppData\Local\Microsoft\WindowsApps;C:\Users\swwbi\AppData\Roaming\npm
USERNAME=swwbi
OS=Windows_NT
PROCESSOR_IDENTIFIER=Intel64 Family 6 Model 142 Stepping 10, GenuineIntel



---------------  S Y S T E M  ---------------

OS: Windows 10.0 , 64 bit Build 17134 (10.0.17134.1)

CPU:total 8 (initial active 8) (4 cores per cpu, 2 threads per core) family 6 model 142 stepping 10, cmov, cx8, fxsr, mmx, sse, sse2, sse3, ssse3, sse4.1, sse4.2, popcnt, avx, avx2, aes, clmul, erms, 3dnowpref, lzcnt, ht, tsc, tscinvbit, bmi1, bmi2, adx

Memory: 4k page, physical 8270308k(3026612k free), swap 11022820k(2731164k free)

vm_info: Java HotSpot(TM) 64-Bit Server VM (25.181-b13) for windows-amd64 JRE (1.8.0_181-b13), built on Jul  7 2018 04:01:33 by "java_re" with MS VC++ 10.0 (VS2010)

time: Wed Nov 21 16:54:38 2018
elapsed time: 3914 seconds (0d 1h 5m 14s)

